<?xml version="1.0" encoding="UTF-8"?>
<!-- Generated by org.testng.reporters.JUnitXMLReporter -->
<testsuite ignored="0" hostname="DESKTOP-KG418EV" failures="0" tests="6" name="Run on Firefox" time="95.98" errors="0" timestamp="2024-05-07T18:57:03 ICT">
  <testcase classname="com.nopcommerce.user.LoginTest" name="Login_01_Empty_Data" time="5.076"/>
  <testcase classname="com.nopcommerce.user.LoginTest" name="Login_02_Invalid_Email" time="4.577"/>
  <testcase classname="com.nopcommerce.user.LoginTest" name="Login_03_Email_Not_Found" time="4.741"/>
  <testcase classname="com.nopcommerce.user.LoginTest" name="Login_04_Existing_Email_Empty_Password" time="4.428"/>
  <testcase classname="com.nopcommerce.user.LoginTest" name="Login_05_Existing_Email_Incorrect_Password" time="3.499"/>
  <testcase classname="com.nopcommerce.user.LoginTest" name="Login_06_Success" time="2.759"/>
</testsuite> <!-- Run on Firefox -->
