<?xml version="1.0" encoding="UTF-8"?>
<!-- Generated by org.testng.reporters.JUnitXMLReporter -->
<testsuite ignored="0" hostname="DESKTOP-KG418EV" failures="0" tests="6" name="Run on Chrome" time="86.688" errors="0" timestamp="2024-05-07T18:56:54 ICT">
  <testcase classname="com.nopcommerce.user.LoginTest" name="Login_01_Empty_Data" time="6.066"/>
  <testcase classname="com.nopcommerce.user.LoginTest" name="Login_02_Invalid_Email" time="4.752"/>
  <testcase classname="com.nopcommerce.user.LoginTest" name="Login_03_Email_Not_Found" time="9.069"/>
  <testcase classname="com.nopcommerce.user.LoginTest" name="Login_04_Existing_Email_Empty_Password" time="5.665"/>
  <testcase classname="com.nopcommerce.user.LoginTest" name="Login_05_Existing_Email_Incorrect_Password" time="7.576"/>
  <testcase classname="com.nopcommerce.user.LoginTest" name="Login_06_Success" time="5.703"/>
</testsuite> <!-- Run on Chrome -->
