<?xml version="1.0" encoding="UTF-8"?>
<testng-results ignored="0" total="12" passed="12" failed="0" skipped="0">
  <reporter-output>
  </reporter-output>
  <suite started-at="2024-05-07T18:55:27 ICT" name="NopCommerce" finished-at="2024-05-07T18:57:03 ICT" duration-ms="95980">
    <groups>
    </groups>
    <test started-at="2024-05-07T18:55:27 ICT" name="Run on Chrome" finished-at="2024-05-07T18:56:54 ICT" duration-ms="86688">
      <class name="com.nopcommerce.user.LoginTest">
        <test-method is-config="true" signature="beforeClass(java.lang.String)[pri:0, instance:com.nopcommerce.user.LoginTest@bae7dc0]" started-at="2024-05-07T18:55:27 ICT" name="beforeClass" finished-at="2024-05-07T18:56:14 ICT" duration-ms="47160" status="PASS">
          <params>
            <param index="0">
              <value>
                <![CDATA[chrome]]>
              </value>
            </param>
          </params>
          <reporter-output>
          </reporter-output>
        </test-method> <!-- beforeClass -->
        <test-method signature="Login_01_Empty_Data(java.lang.reflect.Method)[pri:0, instance:com.nopcommerce.user.LoginTest@bae7dc0]" started-at="2024-05-07T18:56:14 ICT" name="Login_01_Empty_Data" finished-at="2024-05-07T18:56:20 ICT" duration-ms="6066" status="PASS">
          <params>
            <param index="0">
              <value>
                <![CDATA[public void com.nopcommerce.user.LoginTest.Login_01_Empty_Data(java.lang.reflect.Method)]]>
              </value>
            </param>
          </params>
          <reporter-output>
          </reporter-output>
        </test-method> <!-- Login_01_Empty_Data -->
        <test-method signature="Login_02_Invalid_Email(java.lang.reflect.Method)[pri:0, instance:com.nopcommerce.user.LoginTest@bae7dc0]" started-at="2024-05-07T18:56:20 ICT" name="Login_02_Invalid_Email" finished-at="2024-05-07T18:56:25 ICT" duration-ms="4752" status="PASS">
          <params>
            <param index="0">
              <value>
                <![CDATA[public void com.nopcommerce.user.LoginTest.Login_02_Invalid_Email(java.lang.reflect.Method)]]>
              </value>
            </param>
          </params>
          <reporter-output>
          </reporter-output>
        </test-method> <!-- Login_02_Invalid_Email -->
        <test-method signature="Login_03_Email_Not_Found(java.lang.reflect.Method)[pri:0, instance:com.nopcommerce.user.LoginTest@bae7dc0]" started-at="2024-05-07T18:56:25 ICT" name="Login_03_Email_Not_Found" finished-at="2024-05-07T18:56:34 ICT" duration-ms="9069" status="PASS">
          <params>
            <param index="0">
              <value>
                <![CDATA[public void com.nopcommerce.user.LoginTest.Login_03_Email_Not_Found(java.lang.reflect.Method)]]>
              </value>
            </param>
          </params>
          <reporter-output>
          </reporter-output>
        </test-method> <!-- Login_03_Email_Not_Found -->
        <test-method signature="Login_04_Existing_Email_Empty_Password(java.lang.reflect.Method)[pri:0, instance:com.nopcommerce.user.LoginTest@bae7dc0]" started-at="2024-05-07T18:56:34 ICT" name="Login_04_Existing_Email_Empty_Password" finished-at="2024-05-07T18:56:40 ICT" duration-ms="5665" status="PASS">
          <params>
            <param index="0">
              <value>
                <![CDATA[public void com.nopcommerce.user.LoginTest.Login_04_Existing_Email_Empty_Password(java.lang.reflect.Method)]]>
              </value>
            </param>
          </params>
          <reporter-output>
          </reporter-output>
        </test-method> <!-- Login_04_Existing_Email_Empty_Password -->
        <test-method signature="Login_05_Existing_Email_Incorrect_Password(java.lang.reflect.Method)[pri:0, instance:com.nopcommerce.user.LoginTest@bae7dc0]" started-at="2024-05-07T18:56:40 ICT" name="Login_05_Existing_Email_Incorrect_Password" finished-at="2024-05-07T18:56:47 ICT" duration-ms="7576" status="PASS">
          <params>
            <param index="0">
              <value>
                <![CDATA[public void com.nopcommerce.user.LoginTest.Login_05_Existing_Email_Incorrect_Password(java.lang.reflect.Method)]]>
              </value>
            </param>
          </params>
          <reporter-output>
          </reporter-output>
        </test-method> <!-- Login_05_Existing_Email_Incorrect_Password -->
        <test-method signature="Login_06_Success(java.lang.reflect.Method)[pri:0, instance:com.nopcommerce.user.LoginTest@bae7dc0]" started-at="2024-05-07T18:56:47 ICT" name="Login_06_Success" finished-at="2024-05-07T18:56:53 ICT" duration-ms="5703" status="PASS">
          <params>
            <param index="0">
              <value>
                <![CDATA[public void com.nopcommerce.user.LoginTest.Login_06_Success(java.lang.reflect.Method)]]>
              </value>
            </param>
          </params>
          <reporter-output>
          </reporter-output>
        </test-method> <!-- Login_06_Success -->
        <test-method is-config="true" signature="afterClass()[pri:0, instance:com.nopcommerce.user.LoginTest@bae7dc0]" started-at="2024-05-07T18:56:53 ICT" name="afterClass" finished-at="2024-05-07T18:56:54 ICT" duration-ms="590" status="PASS">
          <reporter-output>
          </reporter-output>
        </test-method> <!-- afterClass -->
      </class> <!-- com.nopcommerce.user.LoginTest -->
    </test> <!-- Run on Chrome -->
    <test started-at="2024-05-07T18:55:27 ICT" name="Run on Firefox" finished-at="2024-05-07T18:57:03 ICT" duration-ms="95980">
      <class name="com.nopcommerce.user.LoginTest">
        <test-method is-config="true" signature="beforeClass(java.lang.String)[pri:0, instance:com.nopcommerce.user.LoginTest@d9345cd]" started-at="2024-05-07T18:55:27 ICT" name="beforeClass" finished-at="2024-05-07T18:56:35 ICT" duration-ms="68384" status="PASS">
          <params>
            <param index="0">
              <value>
                <![CDATA[firefox]]>
              </value>
            </param>
          </params>
          <reporter-output>
          </reporter-output>
        </test-method> <!-- beforeClass -->
        <test-method signature="Login_01_Empty_Data(java.lang.reflect.Method)[pri:0, instance:com.nopcommerce.user.LoginTest@d9345cd]" started-at="2024-05-07T18:56:35 ICT" name="Login_01_Empty_Data" finished-at="2024-05-07T18:56:40 ICT" duration-ms="5076" status="PASS">
          <params>
            <param index="0">
              <value>
                <![CDATA[public void com.nopcommerce.user.LoginTest.Login_01_Empty_Data(java.lang.reflect.Method)]]>
              </value>
            </param>
          </params>
          <reporter-output>
          </reporter-output>
        </test-method> <!-- Login_01_Empty_Data -->
        <test-method signature="Login_02_Invalid_Email(java.lang.reflect.Method)[pri:0, instance:com.nopcommerce.user.LoginTest@d9345cd]" started-at="2024-05-07T18:56:40 ICT" name="Login_02_Invalid_Email" finished-at="2024-05-07T18:56:45 ICT" duration-ms="4577" status="PASS">
          <params>
            <param index="0">
              <value>
                <![CDATA[public void com.nopcommerce.user.LoginTest.Login_02_Invalid_Email(java.lang.reflect.Method)]]>
              </value>
            </param>
          </params>
          <reporter-output>
          </reporter-output>
        </test-method> <!-- Login_02_Invalid_Email -->
        <test-method signature="Login_03_Email_Not_Found(java.lang.reflect.Method)[pri:0, instance:com.nopcommerce.user.LoginTest@d9345cd]" started-at="2024-05-07T18:56:45 ICT" name="Login_03_Email_Not_Found" finished-at="2024-05-07T18:56:50 ICT" duration-ms="4741" status="PASS">
          <params>
            <param index="0">
              <value>
                <![CDATA[public void com.nopcommerce.user.LoginTest.Login_03_Email_Not_Found(java.lang.reflect.Method)]]>
              </value>
            </param>
          </params>
          <reporter-output>
          </reporter-output>
        </test-method> <!-- Login_03_Email_Not_Found -->
        <test-method signature="Login_04_Existing_Email_Empty_Password(java.lang.reflect.Method)[pri:0, instance:com.nopcommerce.user.LoginTest@d9345cd]" started-at="2024-05-07T18:56:50 ICT" name="Login_04_Existing_Email_Empty_Password" finished-at="2024-05-07T18:56:54 ICT" duration-ms="4428" status="PASS">
          <params>
            <param index="0">
              <value>
                <![CDATA[public void com.nopcommerce.user.LoginTest.Login_04_Existing_Email_Empty_Password(java.lang.reflect.Method)]]>
              </value>
            </param>
          </params>
          <reporter-output>
          </reporter-output>
        </test-method> <!-- Login_04_Existing_Email_Empty_Password -->
        <test-method signature="Login_05_Existing_Email_Incorrect_Password(java.lang.reflect.Method)[pri:0, instance:com.nopcommerce.user.LoginTest@d9345cd]" started-at="2024-05-07T18:56:54 ICT" name="Login_05_Existing_Email_Incorrect_Password" finished-at="2024-05-07T18:56:58 ICT" duration-ms="3499" status="PASS">
          <params>
            <param index="0">
              <value>
                <![CDATA[public void com.nopcommerce.user.LoginTest.Login_05_Existing_Email_Incorrect_Password(java.lang.reflect.Method)]]>
              </value>
            </param>
          </params>
          <reporter-output>
          </reporter-output>
        </test-method> <!-- Login_05_Existing_Email_Incorrect_Password -->
        <test-method signature="Login_06_Success(java.lang.reflect.Method)[pri:0, instance:com.nopcommerce.user.LoginTest@d9345cd]" started-at="2024-05-07T18:56:58 ICT" name="Login_06_Success" finished-at="2024-05-07T18:57:00 ICT" duration-ms="2759" status="PASS">
          <params>
            <param index="0">
              <value>
                <![CDATA[public void com.nopcommerce.user.LoginTest.Login_06_Success(java.lang.reflect.Method)]]>
              </value>
            </param>
          </params>
          <reporter-output>
          </reporter-output>
        </test-method> <!-- Login_06_Success -->
        <test-method is-config="true" signature="afterClass()[pri:0, instance:com.nopcommerce.user.LoginTest@d9345cd]" started-at="2024-05-07T18:57:00 ICT" name="afterClass" finished-at="2024-05-07T18:57:03 ICT" duration-ms="2445" status="PASS">
          <reporter-output>
          </reporter-output>
        </test-method> <!-- afterClass -->
      </class> <!-- com.nopcommerce.user.LoginTest -->
    </test> <!-- Run on Firefox -->
  </suite> <!-- NopCommerce -->
</testng-results>
